This is e-pTeX, Version 3.141592653-p3.9.0-210218-2.6 (utf8.euc) (TeX Live 2021) (preloaded format=platex 2021.9.18)  1 FEB 2022 16:21
entering extended mode
 restricted \write18 enabled.
 %&-line parsing enabled.
**yokou
(/usr/local/texlive/2021/texmf-dist/tex/latex/tools/x.tex
pLaTeX2e <2021-06-01>+2 (based on LaTeX2e <2021-06-01> patch level 1)
L3 programming layer <2021-08-27>
! .
l.38   \batchmode \errmessage{}
                               \csname @@end\endcsname \end
This error message was generated by an \errmessage
command, so I can't give any explicit help.
Pretend that you're Hercule Poirot: Examine all clues,
and deduce the truth by order and method.

 ) 
Here is how much of TeX's memory you used:
 19 strings out of 479062
 461 string characters out of 5866374
 296868 words of memory out of 5000000
 18224 multiletter control sequences out of 15000+600000
 407301 words of font info for 44 fonts, out of 8000000 for 9000
 929 hyphenation exceptions out of 8191
 15i,0n,23p,85b,18s stack positions out of 5000i,500n,10000p,200000b,80000s

No pages of output.
